2021-05-29 21:13:23.331  INFO 9384 --- [main] com.Application                          : Starting Application on LAPTOP-08OIT9K9 with PID 9384 (D:\die\fuck\final\backend\complete\target\classes started by Administrator in D:\die\fuck\final\backend\complete)
2021-05-29 21:13:23.339  INFO 9384 --- [main] com.Application                          : No active profile set, falling back to default profiles: default
2021-05-29 21:13:25.655  INFO 9384 --- [main] o.s.b.w.embedded.tomcat.TomcatWebServer  : Tomcat initialized with port(s): 12306 (http)
2021-05-29 21:13:25.665  INFO 9384 --- [main] o.apache.catalina.core.StandardService   : Starting service [Tomcat]
2021-05-29 21:13:25.665  INFO 9384 --- [main] org.apache.catalina.core.StandardEngine  : Starting Servlet engine: [Apache Tomcat/9.0.27]
2021-05-29 21:13:25.799  INFO 9384 --- [main] o.a.c.c.C.[Tomcat].[localhost].[/]       : Initializing Spring embedded WebApplicationContext
2021-05-29 21:13:25.799  INFO 9384 --- [main] o.s.web.context.ContextLoader            : Root WebApplicationContext: initialization completed in 2362 ms
2021-05-29 21:13:26.262  WARN 9384 --- [main] o.s.w.s.r.ResourceHttpRequestHandler     : Locations list is empty. No resources will be served unless a custom ResourceResolver is configured as an alternative to PathResourceResolver.
2021-05-29 21:13:26.443  INFO 9384 --- [main] c.watermark.config.MQProducerConfigure   : defaultProducer 正在创建---------------------------------------
2021-05-29 21:13:30.190  INFO 9384 --- [main] c.watermark.config.MQProducerConfigure   : rocketmq producer server 开启成功----------------------------------
2021-05-29 21:13:30.580  INFO 9384 --- [main] o.s.s.web.DefaultSecurityFilterChain     : Creating filter chain: any request, [org.springframework.security.web.context.request.async.WebAsyncManagerIntegrationFilter@4a9869a8, org.springframework.security.web.context.SecurityContextPersistenceFilter@5409dfdd, org.springframework.security.web.header.HeaderWriterFilter@559d19c, org.springframework.web.filter.CorsFilter@75e0a54c, org.springframework.security.web.authentication.logout.LogoutFilter@600bbf9e, com.example.util.JWTAuthenticationFilter@40f9f60d, com.example.util.JWTAuthorizationFilter@6bd7439d, org.springframework.security.web.savedrequest.RequestCacheAwareFilter@1c2d63f0, org.springframework.security.web.servletapi.SecurityContextHolderAwareRequestFilter@283a8ad6, org.springframework.security.web.authentication.AnonymousAuthenticationFilter@628ba266, org.springframework.security.web.session.SessionManagementFilter@6ba6557e, org.springframework.security.web.access.ExceptionTranslationFilter@1c00d406, org.springframework.security.web.access.intercept.FilterSecurityInterceptor@2c16677c]
2021-05-29 21:13:30.642  INFO 9384 --- [main] o.s.s.concurrent.ThreadPoolTaskExecutor  : Initializing ExecutorService 'applicationTaskExecutor'
2021-05-29 21:13:30.785  INFO 9384 --- [main] o.s.b.w.embedded.tomcat.TomcatWebServer  : Tomcat started on port(s): 12306 (http) with context path ''
2021-05-29 21:13:30.789  INFO 9384 --- [main] com.Application                          : Started Application in 8.12 seconds (JVM running for 10.533)
2021-05-29 21:13:34.523  INFO 9384 --- [NettyClientSelector_1] RocketmqRemoting                         : closeChannel: close the connection to remote address[] result: true
2021-05-29 21:14:02.260  INFO 9384 --- [NettyClientSelector_1] RocketmqRemoting                         : closeChannel: close the connection to remote address[] result: true
2021-05-29 21:14:32.250  INFO 9384 --- [NettyClientSelector_1] RocketmqRemoting                         : closeChannel: close the connection to remote address[] result: true
2021-05-29 21:15:02.256  INFO 9384 --- [NettyClientSelector_1] RocketmqRemoting                         : closeChannel: close the connection to remote address[] result: true
2021-05-29 21:15:32.250  INFO 9384 --- [NettyClientSelector_1] RocketmqRemoting                         : closeChannel: close the connection to remote address[] result: true
2021-05-29 21:24:59.553  INFO 29164 --- [main] com.Application                          : Starting Application on LAPTOP-08OIT9K9 with PID 29164 (D:\die\fuck\final\backend\complete\target\classes started by Administrator in D:\die\fuck\final\backend\complete)
2021-05-29 21:24:59.558  INFO 29164 --- [main] com.Application                          : No active profile set, falling back to default profiles: default
2021-05-29 21:25:01.836  INFO 29164 --- [main] o.s.b.w.embedded.tomcat.TomcatWebServer  : Tomcat initialized with port(s): 12306 (http)
2021-05-29 21:25:01.845  INFO 29164 --- [main] o.apache.catalina.core.StandardService   : Starting service [Tomcat]
2021-05-29 21:25:01.846  INFO 29164 --- [main] org.apache.catalina.core.StandardEngine  : Starting Servlet engine: [Apache Tomcat/9.0.27]
2021-05-29 21:25:01.961  INFO 29164 --- [main] o.a.c.c.C.[Tomcat].[localhost].[/]       : Initializing Spring embedded WebApplicationContext
2021-05-29 21:25:01.961  INFO 29164 --- [main] o.s.web.context.ContextLoader            : Root WebApplicationContext: initialization completed in 2330 ms
2021-05-29 21:25:02.635  WARN 29164 --- [main] o.s.w.s.r.ResourceHttpRequestHandler     : Locations list is empty. No resources will be served unless a custom ResourceResolver is configured as an alternative to PathResourceResolver.
2021-05-29 21:25:02.858  INFO 29164 --- [main] c.watermark.config.MQProducerConfigure   : defaultProducer 正在创建---------------------------------------
2021-05-29 21:25:06.829  INFO 29164 --- [main] c.watermark.config.MQProducerConfigure   : rocketmq producer server 开启成功----------------------------------
2021-05-29 21:25:07.168  INFO 29164 --- [main] o.s.s.web.DefaultSecurityFilterChain     : Creating filter chain: any request, [org.springframework.security.web.context.request.async.WebAsyncManagerIntegrationFilter@4e2cdc51, org.springframework.security.web.context.SecurityContextPersistenceFilter@3a588b5f, org.springframework.security.web.header.HeaderWriterFilter@1f172892, org.springframework.web.filter.CorsFilter@2969a9a6, org.springframework.security.web.authentication.logout.LogoutFilter@2475fba3, com.example.util.JWTAuthenticationFilter@25470477, com.example.util.JWTAuthorizationFilter@6182ffef, org.springframework.security.web.savedrequest.RequestCacheAwareFilter@2bdb5e0f, org.springframework.security.web.servletapi.SecurityContextHolderAwareRequestFilter@44d43cc9, org.springframework.security.web.authentication.AnonymousAuthenticationFilter@49e479da, org.springframework.security.web.session.SessionManagementFilter@45f9d394, org.springframework.security.web.access.ExceptionTranslationFilter@719c1faf, org.springframework.security.web.access.intercept.FilterSecurityInterceptor@315b4202]
2021-05-29 21:25:07.218  INFO 29164 --- [main] o.s.s.concurrent.ThreadPoolTaskExecutor  : Initializing ExecutorService 'applicationTaskExecutor'
2021-05-29 21:25:07.366  INFO 29164 --- [main] o.s.b.w.embedded.tomcat.TomcatWebServer  : Tomcat started on port(s): 12306 (http) with context path ''
2021-05-29 21:25:07.370  INFO 29164 --- [main] com.Application                          : Started Application in 8.786 seconds (JVM running for 10.878)
2021-05-29 21:26:20.063  INFO 29164 --- [http-nio-12306-exec-1] o.a.c.c.C.[Tomcat].[localhost].[/]       : Initializing Spring DispatcherServlet 'dispatcherServlet'
2021-05-29 21:26:20.064  INFO 29164 --- [http-nio-12306-exec-1] o.s.web.servlet.DispatcherServlet        : Initializing Servlet 'dispatcherServlet'
2021-05-29 21:26:20.080  INFO 29164 --- [http-nio-12306-exec-1] o.s.web.servlet.DispatcherServlet        : Completed initialization in 16 ms
